<?xml version="1.0" encoding="UTF-8"?>
<!-- Generated by org.testng.reporters.JUnitReportReporter -->
<testsuite hostname="DESKTOP-7MIPOVK" failures="0" tests="1" name="ShivangiSaini.ExtentReports.ExtentReportDemo" time="3.862" errors="0" timestamp="2024-07-07T11:53:56 IST" skipped="0">
  <testcase classname="ShivangiSaini.ExtentReports.ExtentReportDemo" name="initialDemo" time="3.862"/>
</testsuite> <!-- ShivangiSaini.ExtentReports.ExtentReportDemo -->
